Using pre-set license
Built from '2020.3/release' branch; Version is '2020.3.12f1 (b3b2c6512326) revision 11776710'; Using compiler version '192528614'; Build Type 'Release'
OS: 'Windows 10 Pro; OS build 19042.1110; Version 2009; 64bit' Language: 'zh' Physical Memory: 16254 MB
BatchMode: 1, IsHumanControllingUs: 0, StartBugReporterOnCrash: 0, Is64bit: 1, IsPro: 0

 COMMAND LINE ARGUMENTS:
C:\Program Files\Unity\Hub\Editor\2020.3.12f1\Editor\Unity.exe
-adb2
-batchMode
-noUpm
-name
AssetImportWorker1
-projectPath
D:/UnityFile/MonsterHW
-logFile
Logs/AssetImportWorker1.log
-srvPort
2537
Successfully changed project path to: D:/UnityFile/MonsterHW
D:/UnityFile/MonsterHW
Using Asset Import Pipeline V2.
Refreshing native plugins compatible for Editor in 129.01 ms, found 3 plugins.
Preloading 0 native plugins for Editor in 0.00 ms.
Initialize engine version: 2020.3.12f1 (b3b2c6512326)
[Subsystems] Discovering subsystems at path C:/Program Files/Unity/Hub/Editor/2020.3.12f1/Editor/Data/Resources/UnitySubsystems
[Subsystems] Discovering subsystems at path D:/UnityFile/MonsterHW/Assets
GfxDevice: creating device client; threaded=0
Direct3D:
    Version:  Direct3D 11.0 [level 11.0]
    Renderer: NVIDIA GeForce 930M (ID=0x1346)
    Vendor:   
    VRAM:     2020 MB
    Driver:   23.21.13.8857
Initialize mono
Mono path[0] = 'C:/Program Files/Unity/Hub/Editor/2020.3.12f1/Editor/Data/Managed'
Mono path[1] = 'C:/Program Files/Unity/Hub/Editor/2020.3.12f1/Editor/Data/MonoBleedingEdge/lib/mono/unityjit'
Mono config path = 'C:/Program Files/Unity/Hub/Editor/2020.3.12f1/Editor/Data/MonoBleedingEdge/etc'
Using monoOptions --debugger-agent=transport=dt_socket,embedding=1,server=y,suspend=n,address=127.0.0.1:56644
Begin MonoManager ReloadAssembly
Registering precompiled unity dll's ...
Register platform support module: C:/Program Files/Unity/Hub/Editor/2020.3.12f1/Editor/Data/PlaybackEngines/WindowsStandaloneSupport/UnityEditor.WindowsStandalone.Extensions.dll
Registered in 0.011348 seconds.
Native extension for WindowsStandalone target not found
Refreshing native plugins compatible for Editor in 297.17 ms, found 3 plugins.
Preloading 0 native plugins for Editor in 0.00 ms.
Mono: successfully reloaded assembly
- Completed reload, in  6.411 seconds
Platform modules already initialized, skipping
Registering precompiled user dll's ...
Registered in 0.019604 seconds.
Begin MonoManager ReloadAssembly
Native extension for WindowsStandalone target not found
Refreshing native plugins compatible for Editor in 76.34 ms, found 3 plugins.
Preloading 0 native plugins for Editor in 0.00 ms.
Mono: successfully reloaded assembly
- Completed reload, in  2.777 seconds
Platform modules already initialized, skipping
========================================================================
Worker process is ready to serve import requests
Launched and connected shader compiler UnityShaderCompiler.exe after 0.14 seconds
Refreshing native plugins compatible for Editor in 0.86 ms, found 3 plugins.
Preloading 0 native plugins for Editor in 0.00 ms.
Unloading 2081 Unused Serialized files (Serialized files now loaded: 0)
System memory in use before: 92.9 MB.
System memory in use after: 92.9 MB.

Unloading 33 unused Assets to reduce memory usage. Loaded Objects now: 2514.
Total: 5.584300 ms (FindLiveObjects: 0.335700 ms CreateObjectMapping: 0.219800 ms MarkObjects: 4.763900 ms  DeleteObjects: 0.260500 ms)

AssetImportParameters requested are different than current active one (requested -> active):
  custom:framework-win-MediaFoundation: 216162199b28c13a410421893ffa2e32 -> 
  custom:video-decoder-ogg-theora: a1e56fd34408186e4bbccfd4996cb3dc -> 
  custom:container-muxer-webm: aa71ff27fc2769a1b78a27578f13a17b -> 
  custom:container-demuxer-webm: 4f35f7cbe854078d1ac9338744f61a02 -> 
  custom:container-demuxer-ogg: 62fdf1f143b41e24485cea50d1cbac27 -> 
  custom:video-encoder-webm-vp8: eb34c28f22e8b96e1ab97ce403110664 -> 
  custom:video-decoder-webm-vp8: 9c59270c3fd7afecdb556c50c9e8de78 -> 
  custom:audio-decoder-ogg-vorbis: bf7c407c2cedff20999df2af8eb42d56 -> 
  custom:audio-encoder-webm-vorbis: bf7c407c2cedff20999df2af8eb42d56 -> 
========================================================================
Received Import Request.
  path: Assets/Script/Monster.cs
  artifactKey: Guid(fecd509737f19e1429bf8cd5395dffff) Importer(815301076,1909f56bfc062723c751e8b465ee728b)
Start importing Assets/Script/Monster.cs using Guid(fecd509737f19e1429bf8cd5395dffff) Importer(815301076,1909f56bfc062723c751e8b465ee728b)  -> (artifact id: '94d16b14cd1c6b930bffc82343c13a44') in 0.072010 seconds 
  Import took 0.097882 seconds .

========================================================================
Received Prepare
Registering precompiled user dll's ...
Registered in 0.006613 seconds.
Begin MonoManager ReloadAssembly
Native extension for WindowsStandalone target not found
Refreshing native plugins compatible for Editor in 0.54 ms, found 3 plugins.
Preloading 0 native plugins for Editor in 0.00 ms.
Mono: successfully reloaded assembly
- Completed reload, in  1.627 seconds
Platform modules already initialized, skipping
Refreshing native plugins compatible for Editor in 0.84 ms, found 3 plugins.
Preloading 0 native plugins for Editor in 0.00 ms.
Unloading 2076 Unused Serialized files (Serialized files now loaded: 0)
System memory in use before: 92.9 MB.
System memory in use after: 92.9 MB.

Unloading 21 unused Assets to reduce memory usage. Loaded Objects now: 2518.
Total: 3.502100 ms (FindLiveObjects: 0.214100 ms CreateObjectMapping: 0.106500 ms MarkObjects: 3.035900 ms  DeleteObjects: 0.143500 ms)

AssetImportParameters requested are different than current active one (requested -> active):
  custom:framework-win-MediaFoundation: 216162199b28c13a410421893ffa2e32 -> 
  custom:video-decoder-ogg-theora: a1e56fd34408186e4bbccfd4996cb3dc -> 
  custom:container-muxer-webm: aa71ff27fc2769a1b78a27578f13a17b -> 
  custom:container-demuxer-webm: 4f35f7cbe854078d1ac9338744f61a02 -> 
  custom:container-demuxer-ogg: 62fdf1f143b41e24485cea50d1cbac27 -> 
  custom:video-encoder-webm-vp8: eb34c28f22e8b96e1ab97ce403110664 -> 
  custom:video-decoder-webm-vp8: 9c59270c3fd7afecdb556c50c9e8de78 -> 
  custom:audio-decoder-ogg-vorbis: bf7c407c2cedff20999df2af8eb42d56 -> 
  custom:audio-encoder-webm-vorbis: bf7c407c2cedff20999df2af8eb42d56 -> 
========================================================================
Received Import Request.
  Time since last request: 178.331965 seconds.
  path: Assets/Script/Monster.cs
  artifactKey: Guid(fecd509737f19e1429bf8cd5395dffff) Importer(815301076,1909f56bfc062723c751e8b465ee728b)
Start importing Assets/Script/Monster.cs using Guid(fecd509737f19e1429bf8cd5395dffff) Importer(815301076,1909f56bfc062723c751e8b465ee728b)  -> (artifact id: 'c021378e72507cb7065eaf9d7f9e7d69') in 0.009770 seconds 
  Import took 0.015097 seconds .

========================================================================
Received Prepare
Registering precompiled user dll's ...
Registered in 0.006883 seconds.
Begin MonoManager ReloadAssembly
Native extension for WindowsStandalone target not found
Refreshing native plugins compatible for Editor in 0.56 ms, found 3 plugins.
Preloading 0 native plugins for Editor in 0.00 ms.
Mono: successfully reloaded assembly
- Completed reload, in  1.729 seconds
Platform modules already initialized, skipping
Refreshing native plugins compatible for Editor in 0.56 ms, found 3 plugins.
Preloading 0 native plugins for Editor in 0.00 ms.
Unloading 2076 Unused Serialized files (Serialized files now loaded: 0)
System memory in use before: 92.9 MB.
System memory in use after: 92.9 MB.

Unloading 21 unused Assets to reduce memory usage. Loaded Objects now: 2522.
Total: 3.891000 ms (FindLiveObjects: 0.253700 ms CreateObjectMapping: 0.114300 ms MarkObjects: 3.357000 ms  DeleteObjects: 0.163800 ms)

AssetImportParameters requested are different than current active one (requested -> active):
  custom:framework-win-MediaFoundation: 216162199b28c13a410421893ffa2e32 -> 
  custom:video-decoder-ogg-theora: a1e56fd34408186e4bbccfd4996cb3dc -> 
  custom:container-muxer-webm: aa71ff27fc2769a1b78a27578f13a17b -> 
  custom:container-demuxer-webm: 4f35f7cbe854078d1ac9338744f61a02 -> 
  custom:container-demuxer-ogg: 62fdf1f143b41e24485cea50d1cbac27 -> 
  custom:video-encoder-webm-vp8: eb34c28f22e8b96e1ab97ce403110664 -> 
  custom:video-decoder-webm-vp8: 9c59270c3fd7afecdb556c50c9e8de78 -> 
  custom:audio-decoder-ogg-vorbis: bf7c407c2cedff20999df2af8eb42d56 -> 
  custom:audio-encoder-webm-vorbis: bf7c407c2cedff20999df2af8eb42d56 -> 
========================================================================
Received Import Request.
  Time since last request: 125.075298 seconds.
  path: Assets/Script/Monster.cs
  artifactKey: Guid(fecd509737f19e1429bf8cd5395dffff) Importer(815301076,1909f56bfc062723c751e8b465ee728b)
Start importing Assets/Script/Monster.cs using Guid(fecd509737f19e1429bf8cd5395dffff) Importer(815301076,1909f56bfc062723c751e8b465ee728b)  -> (artifact id: 'a8d8d647c88387d3c65fcacd927148b2') in 0.008013 seconds 
  Import took 0.050820 seconds .

========================================================================
Received Import Request.
  Time since last request: 0.024068 seconds.
  path: Assets/Script/Monster.cs
  artifactKey: Guid(fecd509737f19e1429bf8cd5395dffff) Importer(815301076,1909f56bfc062723c751e8b465ee728b)
Start importing Assets/Script/Monster.cs using Guid(fecd509737f19e1429bf8cd5395dffff) Importer(815301076,1909f56bfc062723c751e8b465ee728b)  -> (artifact id: 'a8d8d647c88387d3c65fcacd927148b2') in 0.010033 seconds 
  Import took 0.017880 seconds .

========================================================================
Received Import Request.
  Time since last request: 29.651109 seconds.
  path: Assets/Scenes
  artifactKey: Guid(caa04c1193f2d2c40842b4e1698c667a) Importer(815301076,1909f56bfc062723c751e8b465ee728b)
Start importing Assets/Scenes using Guid(caa04c1193f2d2c40842b4e1698c667a) Importer(815301076,1909f56bfc062723c751e8b465ee728b)  -> (artifact id: '2f30600c708cd4478b968969ce15548f') in 0.008252 seconds 
  Import took 0.032140 seconds .

========================================================================
Received Import Request.
  Time since last request: 191.223373 seconds.
  path: Assets/monster.png
  artifactKey: Guid(5268476fae59af6448274a4624ba87c9) Importer(815301076,1909f56bfc062723c751e8b465ee728b)
Start importing Assets/monster.png using Guid(5268476fae59af6448274a4624ba87c9) Importer(815301076,1909f56bfc062723c751e8b465ee728b)  -> (artifact id: '96295965e31cd4f9053854ba25c119df') in 0.243887 seconds 
  Import took 0.256874 seconds .

========================================================================
Received Import Request.
  Time since last request: 600.501228 seconds.
  path: Assets
  artifactKey: Guid(00000000000000001000000000000000) Importer(815301076,1909f56bfc062723c751e8b465ee728b)
Start importing Assets using Guid(00000000000000001000000000000000) Importer(815301076,1909f56bfc062723c751e8b465ee728b)  -> (artifact id: '42d402b061de3733987d63b9cc3b64de') in 0.008007 seconds 
  Import took 0.033397 seconds .

========================================================================
Received Import Request.
  Time since last request: 9.993225 seconds.
  path: Assets/Pic
  artifactKey: Guid(4c9cda9eeb3486147aa3b324b1e26b41) Importer(815301076,1909f56bfc062723c751e8b465ee728b)
Start importing Assets/Pic using Guid(4c9cda9eeb3486147aa3b324b1e26b41) Importer(815301076,1909f56bfc062723c751e8b465ee728b)  -> (artifact id: '90417a49acc1d52d21b1fe91328d0692') in 0.010053 seconds 
  Import took 0.034003 seconds .

========================================================================
Received Import Request.
  Time since last request: 5.875898 seconds.
  path: Assets/Pic/2-02.png
  artifactKey: Guid(ab365929804952346b4713ece11f9faf) Importer(815301076,1909f56bfc062723c751e8b465ee728b)
Start importing Assets/Pic/2-02.png using Guid(ab365929804952346b4713ece11f9faf) Importer(815301076,1909f56bfc062723c751e8b465ee728b)  -> (artifact id: '993baf4c36ed8f44a96b331659538a4e') in 0.075967 seconds 
  Import took 0.087654 seconds .

========================================================================
Received Import Request.
  Time since last request: 91.887735 seconds.
  path: Assets/Material
  artifactKey: Guid(7eda9fbeb8776cc4885167c378b6b686) Importer(815301076,1909f56bfc062723c751e8b465ee728b)
Start importing Assets/Material using Guid(7eda9fbeb8776cc4885167c378b6b686) Importer(815301076,1909f56bfc062723c751e8b465ee728b)  -> (artifact id: '24131bef8e50b458cf9a549fd269dd9a') in 0.009009 seconds 
  Import took 0.014366 seconds .

========================================================================
Received Import Request.
  Time since last request: 7.187272 seconds.
  path: Assets/Material/Sky.mat
  artifactKey: Guid(1a2114bead945b8458e6737a050ba5f5) Importer(815301076,1909f56bfc062723c751e8b465ee728b)
Start importing Assets/Material/Sky.mat using Guid(1a2114bead945b8458e6737a050ba5f5) Importer(815301076,1909f56bfc062723c751e8b465ee728b)  -> (artifact id: 'cc4ec333e2ce2e3a0044216a09cbb7aa') in 0.111997 seconds 
  Import took 0.117230 seconds .

========================================================================
Received Prepare
Registering precompiled user dll's ...
Registered in 0.007373 seconds.
Begin MonoManager ReloadAssembly
Native extension for WindowsStandalone target not found
Refreshing native plugins compatible for Editor in 0.71 ms, found 3 plugins.
Preloading 0 native plugins for Editor in 0.00 ms.
Mono: successfully reloaded assembly
- Completed reload, in  1.600 seconds
Platform modules already initialized, skipping
Refreshing native plugins compatible for Editor in 0.88 ms, found 3 plugins.
Preloading 0 native plugins for Editor in 0.00 ms.
Unloading 2076 Unused Serialized files (Serialized files now loaded: 0)
System memory in use before: 96.2 MB.
System memory in use after: 96.2 MB.

Unloading 21 unused Assets to reduce memory usage. Loaded Objects now: 2571.
Total: 4.215700 ms (FindLiveObjects: 0.558800 ms CreateObjectMapping: 0.283700 ms MarkObjects: 3.225600 ms  DeleteObjects: 0.145900 ms)

AssetImportParameters requested are different than current active one (requested -> active):
  custom:framework-win-MediaFoundation: 216162199b28c13a410421893ffa2e32 -> 
  custom:video-decoder-ogg-theora: a1e56fd34408186e4bbccfd4996cb3dc -> 
  custom:container-muxer-webm: aa71ff27fc2769a1b78a27578f13a17b -> 
  custom:container-demuxer-webm: 4f35f7cbe854078d1ac9338744f61a02 -> 
  custom:container-demuxer-ogg: 62fdf1f143b41e24485cea50d1cbac27 -> 
  custom:video-encoder-webm-vp8: eb34c28f22e8b96e1ab97ce403110664 -> 
  custom:video-decoder-webm-vp8: 9c59270c3fd7afecdb556c50c9e8de78 -> 
  custom:audio-decoder-ogg-vorbis: bf7c407c2cedff20999df2af8eb42d56 -> 
  custom:audio-encoder-webm-vorbis: bf7c407c2cedff20999df2af8eb42d56 -> 
========================================================================
Received Import Request.
  Time since last request: 41.419303 seconds.
  path: Assets/Material/Sky.mat
  artifactKey: Guid(1a2114bead945b8458e6737a050ba5f5) Importer(815301076,1909f56bfc062723c751e8b465ee728b)
Start importing Assets/Material/Sky.mat using Guid(1a2114bead945b8458e6737a050ba5f5) Importer(815301076,1909f56bfc062723c751e8b465ee728b)  -> (artifact id: '036c1a4790f92b23622a4baac14b3b0e') in 0.083119 seconds 
  Import took 0.154299 seconds .

AssetImportWorkerClient::OnTransportError - code=2 error=End of file
